SPONSOR_COIN_SETUP=/c/Users/robin/OneDrive/Dev/gitRepo/sponsorcoin/WIP/spCoinUniSwapTests/setupEnv
SPONSOR_COIN_HOME=/c/Users/robin/OneDrive/Dev/gitRepo/sponsorcoin/WIP/spCoinUniSwapTests
SPONSOR_COIN_ROOT=/c/Users/robin/OneDrive/Dev/gitRepo/sponsorcoin/WIP
SPONSOR_COIN_ENV=/c/Users/robin/OneDrive/Dev/gitRepo/sponsorcoin/WIP/spCoinUniSwapTests/env
SPONSOR_COIN_LOGS=/c/Users/robin/OneDrive/Dev/gitRepo/sponsorcoin/WIP/spCoinUniSwapTests/logs

Adding startup environment configuration Files For Sponsor Coin /c/Users/robin/OneDrive/Dev/gitRepo/sponsorcoin/WIP/spCoinUniSwapTests/env/.e
export SPONSOR_COIN_ENV=/c/Users/robin/OneDrive/Dev/gitRepo/sponsorcoin/WIP/spCoinUniSwapTests/env    
export SPONSOR_COIN_SETUP=/c/Users/robin/OneDrive/Dev/gitRepo/sponsorcoin/WIP/spCoinUniSwapTests/setupEnv
export SPONSOR_COIN_HOME=/c/Users/robin/OneDrive/Dev/gitRepo/sponsorcoin/WIP/spCoinUniSwapTests  
export SPONSOR_COIN_LOG=/c/Users/robin/OneDrive/Dev/gitRepo/sponsorcoin/WIP/spCoinUniSwapTests/logs   
export SPONSOR_COIN_ROOT=/c/Users/robin/OneDrive/Dev/gitRepo/sponsorcoin/WIP  

Adding sponsor coin startup configuration Files to bootstrap file ~/.baschrc
. /c/Users/robin/OneDrive/Dev/gitRepo/sponsorcoin/WIP/spCoinUniSwapTests/env/.e
Installing the Node Libraries
CHANGING TO DIRECTORY /c/Users/robin/OneDrive/Dev/gitRepo/sponsorcoin/WIP/spCoinUniSwapTests
EXECUTING COMMAND npm i

added 1816 packages, and audited 1817 packages in 54s

288 packages are looking for funding
  run `npm fund` for details

6 high severity vulnerabilities

To address all issues (including breaking changes), run:
  npm audit fix --force

Run `npm audit` for details.
SPONSOR_COIN_SETUP=/c/Users/robin/OneDrive/Dev/gitRepo/sponsorcoin/WIP/spCoinUniSwapTests/setupEnv
SPONSOR_COIN_HOME=/c/Users/robin/OneDrive/Dev/gitRepo/sponsorcoin/WIP/spCoinUniSwapTests
SPONSOR_COIN_ROOT=/c/Users/robin/OneDrive/Dev/gitRepo/sponsorcoin/WIP
SPONSOR_COIN_ENV=/c/Users/robin/OneDrive/Dev/gitRepo/sponsorcoin/WIP/spCoinUniSwapTests/env
SPONSOR_COIN_LOGS=/c/Users/robin/OneDrive/Dev/gitRepo/sponsorcoin/WIP/spCoinUniSwapTests/logs
PROJECT_NAME=spCoinUniSwapTests
Branch spCoinUniSwapTests set up to track remote branch spCoinUniSwapTests from origin.
Adding startup environment configuration Files For Sponsor Coin /c/Users/robin/OneDrive/Dev/gitRepo/sponsorcoin/WIP/spCoinUniSwapTests/env/.e
export SPONSOR_COIN_ENV=/c/Users/robin/OneDrive/Dev/gitRepo/sponsorcoin/WIP/spCoinUniSwapTests/env    
export SPONSOR_COIN_SETUP=/c/Users/robin/OneDrive/Dev/gitRepo/sponsorcoin/WIP/spCoinUniSwapTests/setupEnv
export SPONSOR_COIN_HOME=/c/Users/robin/OneDrive/Dev/gitRepo/sponsorcoin/WIP/spCoinUniSwapTests  
export SPONSOR_COIN_LOG=/c/Users/robin/OneDrive/Dev/gitRepo/sponsorcoin/WIP/spCoinUniSwapTests/logs   
export SPONSOR_COIN_ROOT=/c/Users/robin/OneDrive/Dev/gitRepo/sponsorcoin/WIP  

Adding sponsor coin startup configuration Files to bootstrap file ~/.baschrc
. /c/Users/robin/OneDrive/Dev/gitRepo/sponsorcoin/WIP/spCoinUniSwapTests/env/.e
Installing the Node Libraries
CHANGING TO DIRECTORY /c/Users/robin/OneDrive/Dev/gitRepo/sponsorcoin/WIP/spCoinUniSwapTests
EXECUTING COMMAND npm i

added 1816 packages, and audited 1817 packages in 1m

288 packages are looking for funding
  run `npm fund` for details

6 high severity vulnerabilities

To address all issues (including breaking changes), run:
  npm audit fix --force

Run `npm audit` for details.
Starting menu with 'm' alias
[3J[H[2J==========================================================================
            { spCoinUniSwapTests } MAIN ALIAS MENU SETTINGS
==========================================================================
m = The main menu, it is a Menu of Menu's, It displays 'THIS' menu.
pm = Project menu, stores project testing shourcut commands
em = Environment Menu, stores environment shortcut commands
tm = Testing Menu Alias, stores testing shortcut commands
um = User Menu Alias, used locally and not saved to remote git repository
==========================================================================
EXECUTING cp /c/Users/robin/OneDrive/Dev/gitRepo/sponsorcoin/WIP/spCoinUniSwapTests/env/.SAMPLE.env /c/Users/robin/OneDrive/Dev/gitRepo/sponsorcoin/WIP/spCoinUniSwapTests/.env

*** IMPORTANT SETUP NOTE ***
Please ensure the '.env' file is configured for proper operations
    THIS .env file is located at at the project level /.env
